[debug] [2020-12-09T01:52:23.316Z] ----------------------------------------------------------------------
[debug] [2020-12-09T01:52:23.319Z] Command:       C:\Program Files\nodejs\node.exe C:\Users\caleb\AppData\Roaming\npm\node_modules\firebase-tools\lib\bin\firebase.js functions:shell
[debug] [2020-12-09T01:52:23.320Z] CLI Version:   8.17.0
[debug] [2020-12-09T01:52:23.320Z] Platform:      win32
[debug] [2020-12-09T01:52:23.320Z] Node Version:  v10.16.3
[debug] [2020-12-09T01:52:23.321Z] Time:          Tue Dec 08 2020 20:52:23 GMT-0500 (Eastern Standard Time)
[debug] [2020-12-09T01:52:23.321Z] ----------------------------------------------------------------------
[debug] [2020-12-09T01:52:23.321Z] 
[debug] [2020-12-09T01:52:23.333Z] > command requires scopes: ["email","openid","https://www.googleapis.com/auth/cloudplatformprojects.readonly","https://www.googleapis.com/auth/firebase","https://www.googleapis.com/auth/cloud-platform"]
[debug] [2020-12-09T01:52:23.334Z] > authorizing via signed-in user
[debug] [2020-12-09T01:52:23.334Z] [iam] checking project colzunk for permissions ["firebase.projects.get"]
[debug] [2020-12-09T01:52:23.337Z] >>> HTTP REQUEST POST https://cloudresourcemanager.googleapis.com/v1/projects/colzunk:testIamPermissions  
 {"permissions":["firebase.projects.get"]}
[debug] [2020-12-09T01:52:23.747Z] <<< HTTP RESPONSE 200 {"content-type":"application/json; charset=UTF-8","vary":"X-Origin, Referer, Origin,Accept-Encoding","date":"Wed, 09 Dec 2020 01:52:23 GMT","server":"ESF","cache-control":"private","x-xss-protection":"0","x-frame-options":"SAMEORIGIN","x-content-type-options":"nosniff","server-timing":"gfet4t7; dur=160","alt-svc":"h3-29=\":443\"; ma=2592000,h3-T051=\":443\"; ma=2592000,h3-Q050=\":443\"; ma=2592000,h3-Q046=\":443\"; ma=2592000,h3-Q043=\":443\"; ma=2592000,quic=\":443\"; ma=2592000; v=\"46,43\"","accept-ranges":"none","transfer-encoding":"chunked"}
[warn] !  Your requested "node" version "12" doesn't match your global version "10" {"metadata":{"emulator":{"name":"functions"},"message":"Your requested \"node\" version \"12\" doesn't match your global version \"10\""}}
[debug] [2020-12-09T01:52:25.826Z] defaultcredentials: writing to file C:\Users\caleb\AppData\Roaming\firebase\calebhaabbott94_gmail_com_application_default_credentials.json
[debug] [2020-12-09T01:52:25.828Z] DEBUG: Setting GAC to C:\Users\caleb\AppData\Roaming\firebase\calebhaabbott94_gmail_com_application_default_credentials.json
[debug] [2020-12-09T01:52:25.846Z] [functions] Watching "C:\Users\caleb\Desktop\Web Projects\colzunk\functions" for Cloud Functions...
[debug] [2020-12-09T01:52:25.865Z] DEBUG: [worker-pool] addWorker(~diagnostic~)
[debug] [2020-12-09T01:52:25.865Z] DEBUG: [worker-pool] Adding worker with key ~diagnostic~, total=1
[debug] [2020-12-09T01:52:25.865Z] DEBUG: [worker-pool] submitWork(triggerId=)
[debug] [2020-12-09T01:52:25.865Z] DEBUG: [worker-~diagnostic~-01724d8d-0c35-4612-91fb-c806d8f425be]: Assigning socketPath: \\?\pipe\C:\Users\caleb\Desktop\Web Projects\colzunk\functions\14344
[debug] [2020-12-09T01:52:25.866Z] DEBUG: [worker-~diagnostic~-01724d8d-0c35-4612-91fb-c806d8f425be]: BUSY
[debug] [2020-12-09T01:52:26.187Z] DEBUG: [runtime-status] [14344] Functions runtime initialized. {"cwd":"C:\\Users\\caleb\\Desktop\\Web Projects\\colzunk\\functions","node_version":"10.16.3"}
[debug] [2020-12-09T01:52:26.189Z] DEBUG: [runtime-status] [14344] Disabled runtime features: undefined
[debug] [2020-12-09T01:52:26.194Z] DEBUG: [runtime-status] [14344] Resolved module firebase-admin {"declared":true,"installed":true,"version":"9.4.1","resolution":"C:\\Users\\caleb\\Desktop\\Web Projects\\colzunk\\functions\\node_modules\\firebase-admin\\lib\\index.js"}
[debug] [2020-12-09T01:52:26.196Z] DEBUG: [runtime-status] [14344] Resolved module firebase-functions {"declared":true,"installed":true,"version":"3.12.0","resolution":"C:\\Users\\caleb\\Desktop\\Web Projects\\colzunk\\functions\\node_modules\\firebase-functions\\lib\\index.js"}
[debug] [2020-12-09T01:52:26.197Z] DEBUG: [runtime-status] [14344] Resolved module firebase-functions {"declared":true,"installed":true,"version":"3.12.0","resolution":"C:\\Users\\caleb\\Desktop\\Web Projects\\colzunk\\functions\\node_modules\\firebase-functions\\lib\\index.js"}
[debug] [2020-12-09T01:52:26.202Z] DEBUG: [runtime-status] [14344] Outgoing network have been stubbed. [{"name":"http","status":"mocked"},{"name":"http","status":"mocked"},{"name":"https","status":"mocked"},{"name":"https","status":"mocked"},{"name":"net","status":"mocked"}]
[debug] [2020-12-09T01:52:26.202Z] DEBUG: [runtime-status] [14344] Resolved module firebase-functions {"declared":true,"installed":true,"version":"3.12.0","resolution":"C:\\Users\\caleb\\Desktop\\Web Projects\\colzunk\\functions\\node_modules\\firebase-functions\\lib\\index.js"}
[debug] [2020-12-09T01:52:26.256Z] DEBUG: [runtime-status] [14344] Checked functions.config() {"config":{}}
[debug] [2020-12-09T01:52:26.256Z] DEBUG: [runtime-status] [14344] firebase-functions has been stubbed. {"functionsResolution":{"declared":true,"installed":true,"version":"3.12.0","resolution":"C:\\Users\\caleb\\Desktop\\Web Projects\\colzunk\\functions\\node_modules\\firebase-functions\\lib\\index.js"}}
[debug] [2020-12-09T01:52:26.257Z] DEBUG: [runtime-status] [14344] Resolved module firebase-functions {"declared":true,"installed":true,"version":"3.12.0","resolution":"C:\\Users\\caleb\\Desktop\\Web Projects\\colzunk\\functions\\node_modules\\firebase-functions\\lib\\index.js"}
[debug] [2020-12-09T01:52:26.258Z] DEBUG: [runtime-status] [14344] Resolved module firebase-admin {"declared":true,"installed":true,"version":"9.4.1","resolution":"C:\\Users\\caleb\\Desktop\\Web Projects\\colzunk\\functions\\node_modules\\firebase-admin\\lib\\index.js"}
[debug] [2020-12-09T01:52:26.258Z] DEBUG: [runtime-status] [14344] Resolved module firebase-functions {"declared":true,"installed":true,"version":"3.12.0","resolution":"C:\\Users\\caleb\\Desktop\\Web Projects\\colzunk\\functions\\node_modules\\firebase-functions\\lib\\index.js"}
[debug] [2020-12-09T01:52:26.259Z] DEBUG: [runtime-status] [14344] firebase-admin has been stubbed. {"adminResolution":{"declared":true,"installed":true,"version":"9.4.1","resolution":"C:\\Users\\caleb\\Desktop\\Web Projects\\colzunk\\functions\\node_modules\\firebase-admin\\lib\\index.js"}}
[debug] [2020-12-09T01:52:26.385Z] DEBUG: [runtime-status] [14344] initializeApp(DEFAULT) {"databaseURL":"https://colzunk.firebaseio.com","storageBucket":"colzunk.appspot.com","projectId":"colzunk"}
[warn] !  functions: The Cloud Firestore emulator is not running, so calls to Firestore will affect production. {"metadata":{"emulator":{"name":"functions"},"message":"The Cloud Firestore emulator is not running, so calls to Firestore will affect production."}}
[debug] [2020-12-09T01:52:26.979Z] [functions[api]] http function initialized (http://localhost:5000/colzunk/us-central1/api).
[info] i  functions: Loaded functions: api 
[warn] !  functions: The following emulators are not running, calls to these services will affect production: firestore, database, pubsub 
[debug] [2020-12-09T01:52:26.995Z] DEBUG: [worker-~diagnostic~-01724d8d-0c35-4612-91fb-c806d8f425be]: IDLE
